<?xml version="1.0" encoding="UTF-8"?>
<!-- Generated by org.testng.reporters.JUnitReportReporter -->
<testsuite hostname="DESKTOP-5DC8VDN" failures="0" tests="1" name="com.ecom.qa.standalone.StandaloneTest" time="13.687" errors="0" timestamp="2023-07-12T17:49:47 IST" skipped="0">
  <testcase classname="com.ecom.qa.standalone.StandaloneTest" name="submitTest" time="13.687"/>
  <system-out/>
</testsuite> <!-- com.ecom.qa.standalone.StandaloneTest -->
