<?xml version="1.0" encoding="UTF-8"?>
<!-- Generated by org.testng.reporters.JUnitReportReporter -->
<testsuite hostname="DESKTOP-5DC8VDN" failures="0" tests="1" name="com.ecom.qa.standalone.ErrorValidation" time="6.846" errors="0" timestamp="2023-07-12T19:05:43 IST" skipped="0">
  <testcase classname="com.ecom.qa.standalone.ErrorValidation" name="errorValidationTest" time="6.846"/>
  <system-out/>
</testsuite> <!-- com.ecom.qa.standalone.ErrorValidation -->
